<?xml version="1.0" encoding="UTF-8"?>
<!-- Generated by org.testng.reporters.JUnitXMLReporter -->
<testsuite ignored="1" hostname="Bharath" failures="0" tests="6" name="Negative Tests" time="60.319" errors="0" timestamp="2026-06-10T14:18:33 IST">
  <testcase classname="testcases.LoginTest" name="invalidLoginTest" time="1.319"/>
  <testcase classname="testcases.LoginTest" name="emptyLoginTest" time="0.68"/>
  <testcase classname="testcases.FundTransferNegativeTest" name="excessiveWithdrawalTest" time="2.097"/>
  <testcase classname="testcases.FundTransferNegativeTest" name="insufficientBalanceTest" time="4.491"/>
  <testcase classname="testcases.FundTransferNegativeTest" name="invalidAccountTransferTest" time="8.869"/>
  <testcase classname="testcases.FundTransferNegativeTest" name="invalidDepositAccountTest" time="5.505"/>
  <testcase classname="testcases.LoginTest" name="validLoginTest" time="0.0">
    <ignored/>
  </testcase> <!-- validLoginTest -->
</testsuite> <!-- Negative Tests -->
