<?xml version="1.0" encoding="UTF-8"?>
<testng-results ignored="0" total="6" passed="6" failed="0" skipped="0">
  <reporter-output>
  </reporter-output>
  <suite started-at="2026-06-10T14:17:32 IST" name="Guru99NegativeSuite" finished-at="2026-06-10T14:18:33 IST" duration-ms="60319">
    <groups>
    </groups>
    <test started-at="2026-06-10T14:17:32 IST" name="Negative Tests" finished-at="2026-06-10T14:18:33 IST" duration-ms="60319">
      <class name="testcases.FundTransferNegativeTest">
        <test-method is-config="true" signature="setup()[pri:0, instance:testcases.FundTransferNegativeTest@5ef8df1e]" started-at="2026-06-10T14:17:45 IST" name="setup" finished-at="2026-06-10T14:17:48 IST" duration-ms="3196" status="PASS">
          <reporter-output>
          </reporter-output>
        </test-method> <!-- setup -->
        <test-method signature="excessiveWithdrawalTest()[pri:0, instance:testcases.FundTransferNegativeTest@5ef8df1e]" started-at="2026-06-10T14:17:48 IST" name="excessiveWithdrawalTest" finished-at="2026-06-10T14:17:50 IST" duration-ms="2097" status="PASS">
          <reporter-output>
          </reporter-output>
        </test-method> <!-- excessiveWithdrawalTest -->
        <test-method is-config="true" signature="tearDown()[pri:0, instance:testcases.FundTransferNegativeTest@5ef8df1e]" started-at="2026-06-10T14:17:50 IST" name="tearDown" finished-at="2026-06-10T14:17:50 IST" duration-ms="2" status="PASS">
          <reporter-output>
          </reporter-output>
        </test-method> <!-- tearDown -->
        <test-method is-config="true" signature="setup()[pri:0, instance:testcases.FundTransferNegativeTest@5ef8df1e]" started-at="2026-06-10T14:17:50 IST" name="setup" finished-at="2026-06-10T14:18:07 IST" duration-ms="16442" status="PASS">
          <reporter-output>
          </reporter-output>
        </test-method> <!-- setup -->
        <test-method signature="insufficientBalanceTest()[pri:0, instance:testcases.FundTransferNegativeTest@5ef8df1e]" started-at="2026-06-10T14:18:07 IST" name="insufficientBalanceTest" finished-at="2026-06-10T14:18:11 IST" duration-ms="4491" status="PASS">
          <reporter-output>
          </reporter-output>
        </test-method> <!-- insufficientBalanceTest -->
        <test-method is-config="true" signature="tearDown()[pri:0, instance:testcases.FundTransferNegativeTest@5ef8df1e]" started-at="2026-06-10T14:18:11 IST" name="tearDown" finished-at="2026-06-10T14:18:11 IST" duration-ms="2" status="PASS">
          <reporter-output>
          </reporter-output>
        </test-method> <!-- tearDown -->
        <test-method is-config="true" signature="setup()[pri:0, instance:testcases.FundTransferNegativeTest@5ef8df1e]" started-at="2026-06-10T14:18:11 IST" name="setup" finished-at="2026-06-10T14:18:15 IST" duration-ms="3461" status="PASS">
          <reporter-output>
          </reporter-output>
        </test-method> <!-- setup -->
        <test-method signature="invalidAccountTransferTest()[pri:0, instance:testcases.FundTransferNegativeTest@5ef8df1e]" started-at="2026-06-10T14:18:15 IST" name="invalidAccountTransferTest" finished-at="2026-06-10T14:18:24 IST" duration-ms="8869" status="PASS">
          <reporter-output>
          </reporter-output>
        </test-method> <!-- invalidAccountTransferTest -->
        <test-method is-config="true" signature="tearDown()[pri:0, instance:testcases.FundTransferNegativeTest@5ef8df1e]" started-at="2026-06-10T14:18:24 IST" name="tearDown" finished-at="2026-06-10T14:18:24 IST" duration-ms="2" status="PASS">
          <reporter-output>
          </reporter-output>
        </test-method> <!-- tearDown -->
        <test-method is-config="true" signature="setup()[pri:0, instance:testcases.FundTransferNegativeTest@5ef8df1e]" started-at="2026-06-10T14:18:24 IST" name="setup" finished-at="2026-06-10T14:18:27 IST" duration-ms="3492" status="PASS">
          <reporter-output>
          </reporter-output>
        </test-method> <!-- setup -->
        <test-method signature="invalidDepositAccountTest()[pri:0, instance:testcases.FundTransferNegativeTest@5ef8df1e]" started-at="2026-06-10T14:18:27 IST" name="invalidDepositAccountTest" finished-at="2026-06-10T14:18:33 IST" duration-ms="5505" status="PASS">
          <reporter-output>
          </reporter-output>
        </test-method> <!-- invalidDepositAccountTest -->
        <test-method is-config="true" signature="tearDown()[pri:0, instance:testcases.FundTransferNegativeTest@5ef8df1e]" started-at="2026-06-10T14:18:33 IST" name="tearDown" finished-at="2026-06-10T14:18:33 IST" duration-ms="0" status="PASS">
          <reporter-output>
          </reporter-output>
        </test-method> <!-- tearDown -->
      </class> <!-- testcases.FundTransferNegativeTest -->
      <class name="testcases.LoginTest">
        <test-method is-config="true" signature="setup()[pri:0, instance:testcases.LoginTest@24a1c17f]" started-at="2026-06-10T14:17:32 IST" name="setup" finished-at="2026-06-10T14:17:39 IST" duration-ms="7043" status="PASS">
          <reporter-output>
          </reporter-output>
        </test-method> <!-- setup -->
        <test-method signature="invalidLoginTest()[pri:0, instance:testcases.LoginTest@24a1c17f]" started-at="2026-06-10T14:17:39 IST" name="invalidLoginTest" finished-at="2026-06-10T14:17:41 IST" duration-ms="1319" status="PASS">
          <reporter-output>
          </reporter-output>
        </test-method> <!-- invalidLoginTest -->
        <test-method is-config="true" signature="tearDown()[pri:0, instance:testcases.LoginTest@24a1c17f]" started-at="2026-06-10T14:17:41 IST" name="tearDown" finished-at="2026-06-10T14:17:41 IST" duration-ms="2" status="PASS">
          <reporter-output>
          </reporter-output>
        </test-method> <!-- tearDown -->
        <test-method is-config="true" signature="setup()[pri:0, instance:testcases.LoginTest@24a1c17f]" started-at="2026-06-10T14:17:41 IST" name="setup" finished-at="2026-06-10T14:17:44 IST" duration-ms="3580" status="PASS">
          <reporter-output>
          </reporter-output>
        </test-method> <!-- setup -->
        <test-method signature="emptyLoginTest()[pri:0, instance:testcases.LoginTest@24a1c17f]" started-at="2026-06-10T14:17:44 IST" name="emptyLoginTest" finished-at="2026-06-10T14:17:45 IST" duration-ms="680" status="PASS">
          <reporter-output>
          </reporter-output>
        </test-method> <!-- emptyLoginTest -->
        <test-method is-config="true" signature="tearDown()[pri:0, instance:testcases.LoginTest@24a1c17f]" started-at="2026-06-10T14:17:45 IST" name="tearDown" finished-at="2026-06-10T14:17:45 IST" duration-ms="4" status="PASS">
          <reporter-output>
          </reporter-output>
        </test-method> <!-- tearDown -->
      </class> <!-- testcases.LoginTest -->
    </test> <!-- Negative Tests -->
  </suite> <!-- Guru99NegativeSuite -->
</testng-results>
