<?xml version="1.0" encoding="UTF-8"?>
<!-- Generated by org.testng.reporters.JUnitXMLReporter -->
<testsuite ignored="0" hostname="Bharath" failures="0" tests="12" name="Guru99_Banking_Automation Tests" time="168.909" errors="0" timestamp="2026-06-10T12:31:54 IST">
  <testcase classname="testcases.LoginTest" name="emptyLoginTest" time="2.425"/>
  <testcase classname="testcases.LoginTest" name="invalidLoginTest" time="1.859"/>
  <testcase classname="testcases.LoginTest" name="validLoginTest" time="8.452"/>
  <testcase classname="testcases.CustomerTest" name="createCustomerTest" time="22.065"/>
  <testcase classname="testcases.CustomerValidationTest" name="validateCustomerId" time="0.002"/>
  <testcase classname="testcases.AccountTest" name="createAccountTest" time="19.51"/>
  <testcase classname="testcases.AccountDetailsTest" name="verifyAccountDetails" time="0.006"/>
  <testcase classname="testcases.DepositTest" name="depositMoneyTest" time="9.02"/>
  <testcase classname="testcases.WithdrawalTest" name="withdrawalMoneyTest" time="7.508"/>
  <testcase classname="testcases.FundTransferTest" name="fundTransferTest" time="7.05"/>
  <testcase classname="testcases.InvalidAccountTest" name="invalidAccountDepositTest" time="7.514"/>
  <testcase classname="testcases.InsufficientBalanceTest" name="insufficientBalanceTest" time="7.505"/>
</testsuite> <!-- Guru99_Banking_Automation Tests -->
