<?xml version="1.0" encoding="UTF-8"?>
<!-- Generated by org.testng.reporters.JUnitReportReporter -->
<testsuite hostname="Bharath" failures="0" tests="3" name="testcases.LoginTest" time="18.180" errors="0" timestamp="2026-06-11T13:24:29 IST" skipped="0">
  <testcase classname="testcases.LoginTest" name="validLoginTest" time="8.608"/>
  <testcase classname="testcases.LoginTest" name="emptyLoginTest" time="4.453"/>
  <testcase classname="testcases.LoginTest" name="invalidLoginTest" time="5.119"/>
</testsuite> <!-- testcases.LoginTest -->
