<?xml version="1.0" encoding="UTF-8"?>
<!-- Generated by org.testng.reporters.JUnitReportReporter -->
<testsuite hostname="Bharath" failures="0" tests="3" name="testcases.LoginTest" time="27.230" errors="0" timestamp="2026-06-13T01:26:45 IST" skipped="0">
  <testcase classname="testcases.LoginTest" name="emptyLoginTest" time="9.482"/>
  <testcase classname="testcases.LoginTest" name="validLoginTest" time="11.010"/>
  <testcase classname="testcases.LoginTest" name="invalidLoginTest" time="6.738"/>
</testsuite> <!-- testcases.LoginTest -->
