<?xml version="1.0" encoding="UTF-8"?>
<!-- Generated by org.testng.reporters.JUnitReportReporter -->
<testsuite hostname="Bharath" failures="0" tests="4" name="testcases.FundTransferNegativeTest" time="47.559" errors="0" timestamp="2026-06-10T14:18:34 IST" skipped="0">
  <testcase classname="testcases.FundTransferNegativeTest" name="excessiveWithdrawalTest" time="5.560"/>
  <testcase classname="testcases.FundTransferNegativeTest" name="insufficientBalanceTest" time="20.933"/>
  <testcase classname="testcases.FundTransferNegativeTest" name="invalidDepositAccountTest" time="8.999"/>
  <testcase classname="testcases.FundTransferNegativeTest" name="invalidAccountTransferTest" time="12.067"/>
</testsuite> <!-- testcases.FundTransferNegativeTest -->
