<?xml version="1.0" encoding="UTF-8"?>
<!-- Generated by org.testng.reporters.JUnitXMLReporter -->
<testsuite ignored="0" hostname="Bharath" failures="0" tests="12" name="Guru99_Banking_Automation Tests" time="105.435" errors="0" timestamp="2026-06-11T13:24:29 IST">
  <testcase classname="testcases.LoginTest" name="emptyLoginTest" time="0.616"/>
  <testcase classname="testcases.LoginTest" name="invalidLoginTest" time="1.159"/>
  <testcase classname="testcases.LoginTest" name="validLoginTest" time="2.613"/>
  <testcase classname="testcases.CustomerTest" name="createCustomerTest" time="8.646"/>
  <testcase classname="testcases.CustomerValidationTest" name="validateCustomerId" time="0.002"/>
  <testcase classname="testcases.AccountTest" name="createAccountTest" time="7.404"/>
  <testcase classname="testcases.AccountDetailsTest" name="verifyAccountDetails" time="0.003"/>
  <testcase classname="testcases.DepositTest" name="depositMoneyTest" time="4.946"/>
  <testcase classname="testcases.WithdrawalTest" name="withdrawalMoneyTest" time="7.024"/>
  <testcase classname="testcases.FundTransferTest" name="fundTransferTest" time="9.165"/>
  <testcase classname="testcases.InvalidAccountTest" name="invalidAccountDepositTest" time="3.057"/>
  <testcase classname="testcases.InsufficientBalanceTest" name="insufficientBalanceTest" time="6.719"/>
</testsuite> <!-- Guru99_Banking_Automation Tests -->
