<?xml version="1.0" encoding="UTF-8"?>
<!-- Generated by org.testng.reporters.JUnitXMLReporter -->
<testsuite ignored="0" hostname="Bharath" failures="0" tests="3" name="Guru99_Banking_Automation Tests" time="35.57" errors="0" timestamp="2026-06-10T14:00:45 IST">
  <testcase classname="testcases.LoginTest" name="emptyLoginTest" time="0.787"/>
  <testcase classname="testcases.LoginTest" name="invalidLoginTest" time="1.341"/>
  <testcase classname="testcases.LoginTest" name="validLoginTest" time="3.33"/>
</testsuite> <!-- Guru99_Banking_Automation Tests -->
